java.lang.RuntimeException: generate oucur error,templateFile is:src\main\resources\META-INF\spring\${appModule}-dal.xml => null cause:java.io.FileNotFoundException: D:\project\2018-08\新建文件夹 (3)\GroovyTest02\src\main\resources\generator\template\ly\share\dal does not exist.
	at cn.org.rapid_framework.generator.Generator$TemplateProcessor.executeGenerate(Generator.java:312)
	at cn.org.rapid_framework.generator.Generator$TemplateProcessor.access$100(Generator.java:273)
	at cn.org.rapid_framework.generator.Generator.scanTemplatesAndProcess(Generator.java:255)
	at cn.org.rapid_framework.generator.Generator.processTemplateRootDirs(Generator.java:195)
	at cn.org.rapid_framework.generator.Generator.generateBy(Generator.java:165)
	at cn.org.rapid_framework.generator.GeneratorFacade$ProcessUtils.processByGeneratorModel(GeneratorFacade.java:220)
	at cn.org.rapid_framework.generator.GeneratorFacade$ProcessUtils.processByMap(GeneratorFacade.java:195)
	at cn.org.rapid_framework.generator.GeneratorFacade.generateByMap(GeneratorFacade.java:55)
	at sun.reflect.NativeMethodAccessorImpl.invoke0(Native Method)
	at sun.reflect.NativeMethodAccessorImpl.invoke(NativeMethodAccessorImpl.java:62)
	at sun.reflect.DelegatingMethodAccessorImpl.invoke(DelegatingMethodAccessorImpl.java:43)
	at java.lang.reflect.Method.invoke(Method.java:498)
	at org.codehaus.groovy.runtime.callsite.PojoMetaMethodSite$PojoCachedMethodSite.invoke(PojoMetaMethodSite.java:192)
	at org.codehaus.groovy.runtime.callsite.PojoMetaMethodSite.call(PojoMetaMethodSite.java:56)
	at org.codehaus.groovy.runtime.callsite.CallSiteArray.defaultCall(CallSiteArray.java:48)
	at org.codehaus.groovy.runtime.callsite.AbstractCallSite.call(AbstractCallSite.java:113)
	at org.codehaus.groovy.runtime.callsite.AbstractCallSite.call(AbstractCallSite.java:125)
	at GenUtils.genByTableConfigSet(gen.groovy:97)
	at GenUtils$genByTableConfigSet.call(Unknown Source)
	at org.codehaus.groovy.runtime.callsite.CallSiteArray.defaultCall(CallSiteArray.java:48)
	at org.codehaus.groovy.runtime.callsite.AbstractCallSite.call(AbstractCallSite.java:113)
	at org.codehaus.groovy.runtime.callsite.AbstractCallSite.call(AbstractCallSite.java:133)
	at Targets.dal(gen.groovy:60)
	at sun.reflect.NativeMethodAccessorImpl.invoke0(Native Method)
	at sun.reflect.NativeMethodAccessorImpl.invoke(NativeMethodAccessorImpl.java:62)
	at sun.reflect.DelegatingMethodAccessorImpl.invoke(DelegatingMethodAccessorImpl.java:43)
	at java.lang.reflect.Method.invoke(Method.java:498)
	at org.codehaus.groovy.reflection.CachedMethod.invoke(CachedMethod.java:93)
	at groovy.lang.MetaMethod.doMethodInvoke(MetaMethod.java:325)
	at groovy.lang.MetaClassImpl.invokeMethod(MetaClassImpl.java:1218)
	at groovy.lang.MetaClassImpl.invokeMethod(MetaClassImpl.java:1027)
	at org.codehaus.groovy.runtime.InvokerHelper.invokePogoMethod(InvokerHelper.java:925)
	at org.codehaus.groovy.runtime.InvokerHelper.invokeMethod(InvokerHelper.java:908)
	at org.codehaus.groovy.runtime.ScriptBytecodeAdapter.invokeMethodN(ScriptBytecodeAdapter.java:168)
	at org.codehaus.groovy.runtime.ScriptBytecodeAdapter.invokeMethod0(ScriptBytecodeAdapter.java:189)
	at gen.main(gen.groovy:14)
	at gen$main.callCurrent(Unknown Source)
	at org.codehaus.groovy.runtime.callsite.CallSiteArray.defaultCallCurrent(CallSiteArray.java:52)
	at org.codehaus.groovy.runtime.callsite.AbstractCallSite.callCurrent(AbstractCallSite.java:154)
	at org.codehaus.groovy.runtime.callsite.AbstractCallSite.callCurrent(AbstractCallSite.java:158)
	at gen.run(gen.groovy:7)
	at sun.reflect.NativeMethodAccessorImpl.invoke0(Native Method)
	at sun.reflect.NativeMethodAccessorImpl.invoke(NativeMethodAccessorImpl.java:62)
	at sun.reflect.DelegatingMethodAccessorImpl.invoke(DelegatingMethodAccessorImpl.java:43)
	at java.lang.reflect.Method.invoke(Method.java:498)
	at org.codehaus.groovy.maven.runtime.support.ScriptExecutorSupport.invokeMethod(ScriptExecutorSupport.java:158)
	at org.codehaus.groovy.maven.runtime.support.ScriptExecutorSupport.execute(ScriptExecutorSupport.java:126)
	at org.codehaus.groovy.maven.runtime.support.ScriptExecutorSupport.execute(ScriptExecutorSupport.java:73)
	at org.codehaus.groovy.maven.plugin.execute.ExecuteMojo.process(ExecuteMojo.java:249)
	at org.codehaus.groovy.maven.plugin.ComponentMojoSupport.doExecute(ComponentMojoSupport.java:60)
	at org.codehaus.groovy.maven.plugin.MojoSupport.execute(MojoSupport.java:69)
	at org.apache.maven.plugin.DefaultBuildPluginManager.executeMojo(DefaultBuildPluginManager.java:137)
	at org.apache.maven.lifecycle.internal.MojoExecutor.execute(MojoExecutor.java:208)
	at org.apache.maven.lifecycle.internal.MojoExecutor.execute(MojoExecutor.java:154)
	at org.apache.maven.lifecycle.internal.MojoExecutor.execute(MojoExecutor.java:146)
	at org.apache.maven.lifecycle.internal.LifecycleModuleBuilder.buildProject(LifecycleModuleBuilder.java:117)
	at org.apache.maven.lifecycle.internal.LifecycleModuleBuilder.buildProject(LifecycleModuleBuilder.java:81)
	at org.apache.maven.lifecycle.internal.builder.singlethreaded.SingleThreadedBuilder.build(SingleThreadedBuilder.java:56)
	at org.apache.maven.lifecycle.internal.LifecycleStarter.execute(LifecycleStarter.java:128)
	at org.apache.maven.DefaultMaven.doExecute(DefaultMaven.java:305)
	at org.apache.maven.DefaultMaven.doExecute(DefaultMaven.java:192)
	at org.apache.maven.DefaultMaven.execute(DefaultMaven.java:105)
	at org.apache.maven.cli.MavenCli.execute(MavenCli.java:956)
	at org.apache.maven.cli.MavenCli.doMain(MavenCli.java:290)
	at org.apache.maven.cli.MavenCli.main(MavenCli.java:194)
	at sun.reflect.NativeMethodAccessorImpl.invoke0(Native Method)
	at sun.reflect.NativeMethodAccessorImpl.invoke(NativeMethodAccessorImpl.java:62)
	at sun.reflect.DelegatingMethodAccessorImpl.invoke(DelegatingMethodAccessorImpl.java:43)
	at java.lang.reflect.Method.invoke(Method.java:498)
	at org.codehaus.plexus.classworlds.launcher.Launcher.launchEnhanced(Launcher.java:289)
	at org.codehaus.plexus.classworlds.launcher.Launcher.launch(Launcher.java:229)
	at org.codehaus.plexus.classworlds.launcher.Launcher.mainWithExitCode(Launcher.java:415)
	at org.codehaus.plexus.classworlds.launcher.Launcher.main(Launcher.java:356)
Caused by: java.io.FileNotFoundException: D:\project\2018-08\新建文件夹 (3)\GroovyTest02\src\main\resources\generator\template\ly\share\dal does not exist.
	at freemarker.cache.FileTemplateLoader$1.run(FileTemplateLoader.java:125)
	at java.security.AccessController.doPrivileged(Native Method)
	at freemarker.cache.FileTemplateLoader.<init>(FileTemplateLoader.java:122)
	at freemarker.cache.FileTemplateLoader.<init>(FileTemplateLoader.java:108)
	at cn.org.rapid_framework.generator.Generator$GeneratorHelper.newFreeMarkerConfiguration(Generator.java:480)
	at cn.org.rapid_framework.generator.Generator$TemplateProcessor.proceeForOutputFilepath(Generator.java:372)
	at cn.org.rapid_framework.generator.Generator$TemplateProcessor.executeGenerate(Generator.java:298)
	... 72 more
java.lang.RuntimeException: generate oucur error,templateFile is:src\main\resources\sqlmap\${appModule}\${appModule}-sqlmap-config.xml => null cause:java.io.FileNotFoundException: D:\project\2018-08\新建文件夹 (3)\GroovyTest02\src\main\resources\generator\template\ly\share\dal does not exist.
	at cn.org.rapid_framework.generator.Generator$TemplateProcessor.executeGenerate(Generator.java:312)
	at cn.org.rapid_framework.generator.Generator$TemplateProcessor.access$100(Generator.java:273)
	at cn.org.rapid_framework.generator.Generator.scanTemplatesAndProcess(Generator.java:255)
	at cn.org.rapid_framework.generator.Generator.processTemplateRootDirs(Generator.java:195)
	at cn.org.rapid_framework.generator.Generator.generateBy(Generator.java:165)
	at cn.org.rapid_framework.generator.GeneratorFacade$ProcessUtils.processByGeneratorModel(GeneratorFacade.java:220)
	at cn.org.rapid_framework.generator.GeneratorFacade$ProcessUtils.processByMap(GeneratorFacade.java:195)
	at cn.org.rapid_framework.generator.GeneratorFacade.generateByMap(GeneratorFacade.java:55)
	at sun.reflect.NativeMethodAccessorImpl.invoke0(Native Method)
	at sun.reflect.NativeMethodAccessorImpl.invoke(NativeMethodAccessorImpl.java:62)
	at sun.reflect.DelegatingMethodAccessorImpl.invoke(DelegatingMethodAccessorImpl.java:43)
	at java.lang.reflect.Method.invoke(Method.java:498)
	at org.codehaus.groovy.runtime.callsite.PojoMetaMethodSite$PojoCachedMethodSite.invoke(PojoMetaMethodSite.java:192)
	at org.codehaus.groovy.runtime.callsite.PojoMetaMethodSite.call(PojoMetaMethodSite.java:56)
	at org.codehaus.groovy.runtime.callsite.CallSiteArray.defaultCall(CallSiteArray.java:48)
	at org.codehaus.groovy.runtime.callsite.AbstractCallSite.call(AbstractCallSite.java:113)
	at org.codehaus.groovy.runtime.callsite.AbstractCallSite.call(AbstractCallSite.java:125)
	at GenUtils.genByTableConfigSet(gen.groovy:97)
	at GenUtils$genByTableConfigSet.call(Unknown Source)
	at org.codehaus.groovy.runtime.callsite.CallSiteArray.defaultCall(CallSiteArray.java:48)
	at org.codehaus.groovy.runtime.callsite.AbstractCallSite.call(AbstractCallSite.java:113)
	at org.codehaus.groovy.runtime.callsite.AbstractCallSite.call(AbstractCallSite.java:133)
	at Targets.dal(gen.groovy:60)
	at sun.reflect.NativeMethodAccessorImpl.invoke0(Native Method)
	at sun.reflect.NativeMethodAccessorImpl.invoke(NativeMethodAccessorImpl.java:62)
	at sun.reflect.DelegatingMethodAccessorImpl.invoke(DelegatingMethodAccessorImpl.java:43)
	at java.lang.reflect.Method.invoke(Method.java:498)
	at org.codehaus.groovy.reflection.CachedMethod.invoke(CachedMethod.java:93)
	at groovy.lang.MetaMethod.doMethodInvoke(MetaMethod.java:325)
	at groovy.lang.MetaClassImpl.invokeMethod(MetaClassImpl.java:1218)
	at groovy.lang.MetaClassImpl.invokeMethod(MetaClassImpl.java:1027)
	at org.codehaus.groovy.runtime.InvokerHelper.invokePogoMethod(InvokerHelper.java:925)
	at org.codehaus.groovy.runtime.InvokerHelper.invokeMethod(InvokerHelper.java:908)
	at org.codehaus.groovy.runtime.ScriptBytecodeAdapter.invokeMethodN(ScriptBytecodeAdapter.java:168)
	at org.codehaus.groovy.runtime.ScriptBytecodeAdapter.invokeMethod0(ScriptBytecodeAdapter.java:189)
	at gen.main(gen.groovy:14)
	at gen$main.callCurrent(Unknown Source)
	at org.codehaus.groovy.runtime.callsite.CallSiteArray.defaultCallCurrent(CallSiteArray.java:52)
	at org.codehaus.groovy.runtime.callsite.AbstractCallSite.callCurrent(AbstractCallSite.java:154)
	at org.codehaus.groovy.runtime.callsite.AbstractCallSite.callCurrent(AbstractCallSite.java:158)
	at gen.run(gen.groovy:7)
	at sun.reflect.NativeMethodAccessorImpl.invoke0(Native Method)
	at sun.reflect.NativeMethodAccessorImpl.invoke(NativeMethodAccessorImpl.java:62)
	at sun.reflect.DelegatingMethodAccessorImpl.invoke(DelegatingMethodAccessorImpl.java:43)
	at java.lang.reflect.Method.invoke(Method.java:498)
	at org.codehaus.groovy.maven.runtime.support.ScriptExecutorSupport.invokeMethod(ScriptExecutorSupport.java:158)
	at org.codehaus.groovy.maven.runtime.support.ScriptExecutorSupport.execute(ScriptExecutorSupport.java:126)
	at org.codehaus.groovy.maven.runtime.support.ScriptExecutorSupport.execute(ScriptExecutorSupport.java:73)
	at org.codehaus.groovy.maven.plugin.execute.ExecuteMojo.process(ExecuteMojo.java:249)
	at org.codehaus.groovy.maven.plugin.ComponentMojoSupport.doExecute(ComponentMojoSupport.java:60)
	at org.codehaus.groovy.maven.plugin.MojoSupport.execute(MojoSupport.java:69)
	at org.apache.maven.plugin.DefaultBuildPluginManager.executeMojo(DefaultBuildPluginManager.java:137)
	at org.apache.maven.lifecycle.internal.MojoExecutor.execute(MojoExecutor.java:208)
	at org.apache.maven.lifecycle.internal.MojoExecutor.execute(MojoExecutor.java:154)
	at org.apache.maven.lifecycle.internal.MojoExecutor.execute(MojoExecutor.java:146)
	at org.apache.maven.lifecycle.internal.LifecycleModuleBuilder.buildProject(LifecycleModuleBuilder.java:117)
	at org.apache.maven.lifecycle.internal.LifecycleModuleBuilder.buildProject(LifecycleModuleBuilder.java:81)
	at org.apache.maven.lifecycle.internal.builder.singlethreaded.SingleThreadedBuilder.build(SingleThreadedBuilder.java:56)
	at org.apache.maven.lifecycle.internal.LifecycleStarter.execute(LifecycleStarter.java:128)
	at org.apache.maven.DefaultMaven.doExecute(DefaultMaven.java:305)
	at org.apache.maven.DefaultMaven.doExecute(DefaultMaven.java:192)
	at org.apache.maven.DefaultMaven.execute(DefaultMaven.java:105)
	at org.apache.maven.cli.MavenCli.execute(MavenCli.java:956)
	at org.apache.maven.cli.MavenCli.doMain(MavenCli.java:290)
	at org.apache.maven.cli.MavenCli.main(MavenCli.java:194)
	at sun.reflect.NativeMethodAccessorImpl.invoke0(Native Method)
	at sun.reflect.NativeMethodAccessorImpl.invoke(NativeMethodAccessorImpl.java:62)
	at sun.reflect.DelegatingMethodAccessorImpl.invoke(DelegatingMethodAccessorImpl.java:43)
	at java.lang.reflect.Method.invoke(Method.java:498)
	at org.codehaus.plexus.classworlds.launcher.Launcher.launchEnhanced(Launcher.java:289)
	at org.codehaus.plexus.classworlds.launcher.Launcher.launch(Launcher.java:229)
	at org.codehaus.plexus.classworlds.launcher.Launcher.mainWithExitCode(Launcher.java:415)
	at org.codehaus.plexus.classworlds.launcher.Launcher.main(Launcher.java:356)
Caused by: java.io.FileNotFoundException: D:\project\2018-08\新建文件夹 (3)\GroovyTest02\src\main\resources\generator\template\ly\share\dal does not exist.
	at freemarker.cache.FileTemplateLoader$1.run(FileTemplateLoader.java:125)
	at java.security.AccessController.doPrivileged(Native Method)
	at freemarker.cache.FileTemplateLoader.<init>(FileTemplateLoader.java:122)
	at freemarker.cache.FileTemplateLoader.<init>(FileTemplateLoader.java:108)
	at cn.org.rapid_framework.generator.Generator$GeneratorHelper.newFreeMarkerConfiguration(Generator.java:480)
	at cn.org.rapid_framework.generator.Generator$TemplateProcessor.proceeForOutputFilepath(Generator.java:372)
	at cn.org.rapid_framework.generator.Generator$TemplateProcessor.executeGenerate(Generator.java:298)
	... 72 more
java.lang.RuntimeException: generate oucur error,templateFile is:src\main\resources\sqlmap\${appModule}\common-sqlmap-mapping.xml => null cause:java.io.FileNotFoundException: D:\project\2018-08\新建文件夹 (3)\GroovyTest02\src\main\resources\generator\template\ly\share\dal does not exist.
	at cn.org.rapid_framework.generator.Generator$TemplateProcessor.executeGenerate(Generator.java:312)
	at cn.org.rapid_framework.generator.Generator$TemplateProcessor.access$100(Generator.java:273)
	at cn.org.rapid_framework.generator.Generator.scanTemplatesAndProcess(Generator.java:255)
	at cn.org.rapid_framework.generator.Generator.processTemplateRootDirs(Generator.java:195)
	at cn.org.rapid_framework.generator.Generator.generateBy(Generator.java:165)
	at cn.org.rapid_framework.generator.GeneratorFacade$ProcessUtils.processByGeneratorModel(GeneratorFacade.java:220)
	at cn.org.rapid_framework.generator.GeneratorFacade$ProcessUtils.processByMap(GeneratorFacade.java:195)
	at cn.org.rapid_framework.generator.GeneratorFacade.generateByMap(GeneratorFacade.java:55)
	at sun.reflect.NativeMethodAccessorImpl.invoke0(Native Method)
	at sun.reflect.NativeMethodAccessorImpl.invoke(NativeMethodAccessorImpl.java:62)
	at sun.reflect.DelegatingMethodAccessorImpl.invoke(DelegatingMethodAccessorImpl.java:43)
	at java.lang.reflect.Method.invoke(Method.java:498)
	at org.codehaus.groovy.runtime.callsite.PojoMetaMethodSite$PojoCachedMethodSite.invoke(PojoMetaMethodSite.java:192)
	at org.codehaus.groovy.runtime.callsite.PojoMetaMethodSite.call(PojoMetaMethodSite.java:56)
	at org.codehaus.groovy.runtime.callsite.CallSiteArray.defaultCall(CallSiteArray.java:48)
	at org.codehaus.groovy.runtime.callsite.AbstractCallSite.call(AbstractCallSite.java:113)
	at org.codehaus.groovy.runtime.callsite.AbstractCallSite.call(AbstractCallSite.java:125)
	at GenUtils.genByTableConfigSet(gen.groovy:97)
	at GenUtils$genByTableConfigSet.call(Unknown Source)
	at org.codehaus.groovy.runtime.callsite.CallSiteArray.defaultCall(CallSiteArray.java:48)
	at org.codehaus.groovy.runtime.callsite.AbstractCallSite.call(AbstractCallSite.java:113)
	at org.codehaus.groovy.runtime.callsite.AbstractCallSite.call(AbstractCallSite.java:133)
	at Targets.dal(gen.groovy:60)
	at sun.reflect.NativeMethodAccessorImpl.invoke0(Native Method)
	at sun.reflect.NativeMethodAccessorImpl.invoke(NativeMethodAccessorImpl.java:62)
	at sun.reflect.DelegatingMethodAccessorImpl.invoke(DelegatingMethodAccessorImpl.java:43)
	at java.lang.reflect.Method.invoke(Method.java:498)
	at org.codehaus.groovy.reflection.CachedMethod.invoke(CachedMethod.java:93)
	at groovy.lang.MetaMethod.doMethodInvoke(MetaMethod.java:325)
	at groovy.lang.MetaClassImpl.invokeMethod(MetaClassImpl.java:1218)
	at groovy.lang.MetaClassImpl.invokeMethod(MetaClassImpl.java:1027)
	at org.codehaus.groovy.runtime.InvokerHelper.invokePogoMethod(InvokerHelper.java:925)
	at org.codehaus.groovy.runtime.InvokerHelper.invokeMethod(InvokerHelper.java:908)
	at org.codehaus.groovy.runtime.ScriptBytecodeAdapter.invokeMethodN(ScriptBytecodeAdapter.java:168)
	at org.codehaus.groovy.runtime.ScriptBytecodeAdapter.invokeMethod0(ScriptBytecodeAdapter.java:189)
	at gen.main(gen.groovy:14)
	at gen$main.callCurrent(Unknown Source)
	at org.codehaus.groovy.runtime.callsite.CallSiteArray.defaultCallCurrent(CallSiteArray.java:52)
	at org.codehaus.groovy.runtime.callsite.AbstractCallSite.callCurrent(AbstractCallSite.java:154)
	at org.codehaus.groovy.runtime.callsite.AbstractCallSite.callCurrent(AbstractCallSite.java:158)
	at gen.run(gen.groovy:7)
	at sun.reflect.NativeMethodAccessorImpl.invoke0(Native Method)
	at sun.reflect.NativeMethodAccessorImpl.invoke(NativeMethodAccessorImpl.java:62)
	at sun.reflect.DelegatingMethodAccessorImpl.invoke(DelegatingMethodAccessorImpl.java:43)
	at java.lang.reflect.Method.invoke(Method.java:498)
	at org.codehaus.groovy.maven.runtime.support.ScriptExecutorSupport.invokeMethod(ScriptExecutorSupport.java:158)
	at org.codehaus.groovy.maven.runtime.support.ScriptExecutorSupport.execute(ScriptExecutorSupport.java:126)
	at org.codehaus.groovy.maven.runtime.support.ScriptExecutorSupport.execute(ScriptExecutorSupport.java:73)
	at org.codehaus.groovy.maven.plugin.execute.ExecuteMojo.process(ExecuteMojo.java:249)
	at org.codehaus.groovy.maven.plugin.ComponentMojoSupport.doExecute(ComponentMojoSupport.java:60)
	at org.codehaus.groovy.maven.plugin.MojoSupport.execute(MojoSupport.java:69)
	at org.apache.maven.plugin.DefaultBuildPluginManager.executeMojo(DefaultBuildPluginManager.java:137)
	at org.apache.maven.lifecycle.internal.MojoExecutor.execute(MojoExecutor.java:208)
	at org.apache.maven.lifecycle.internal.MojoExecutor.execute(MojoExecutor.java:154)
	at org.apache.maven.lifecycle.internal.MojoExecutor.execute(MojoExecutor.java:146)
	at org.apache.maven.lifecycle.internal.LifecycleModuleBuilder.buildProject(LifecycleModuleBuilder.java:117)
	at org.apache.maven.lifecycle.internal.LifecycleModuleBuilder.buildProject(LifecycleModuleBuilder.java:81)
	at org.apache.maven.lifecycle.internal.builder.singlethreaded.SingleThreadedBuilder.build(SingleThreadedBuilder.java:56)
	at org.apache.maven.lifecycle.internal.LifecycleStarter.execute(LifecycleStarter.java:128)
	at org.apache.maven.DefaultMaven.doExecute(DefaultMaven.java:305)
	at org.apache.maven.DefaultMaven.doExecute(DefaultMaven.java:192)
	at org.apache.maven.DefaultMaven.execute(DefaultMaven.java:105)
	at org.apache.maven.cli.MavenCli.execute(MavenCli.java:956)
	at org.apache.maven.cli.MavenCli.doMain(MavenCli.java:290)
	at org.apache.maven.cli.MavenCli.main(MavenCli.java:194)
	at sun.reflect.NativeMethodAccessorImpl.invoke0(Native Method)
	at sun.reflect.NativeMethodAccessorImpl.invoke(NativeMethodAccessorImpl.java:62)
	at sun.reflect.DelegatingMethodAccessorImpl.invoke(DelegatingMethodAccessorImpl.java:43)
	at java.lang.reflect.Method.invoke(Method.java:498)
	at org.codehaus.plexus.classworlds.launcher.Launcher.launchEnhanced(Launcher.java:289)
	at org.codehaus.plexus.classworlds.launcher.Launcher.launch(Launcher.java:229)
	at org.codehaus.plexus.classworlds.launcher.Launcher.mainWithExitCode(Launcher.java:415)
	at org.codehaus.plexus.classworlds.launcher.Launcher.main(Launcher.java:356)
Caused by: java.io.FileNotFoundException: D:\project\2018-08\新建文件夹 (3)\GroovyTest02\src\main\resources\generator\template\ly\share\dal does not exist.
	at freemarker.cache.FileTemplateLoader$1.run(FileTemplateLoader.java:125)
	at java.security.AccessController.doPrivileged(Native Method)
	at freemarker.cache.FileTemplateLoader.<init>(FileTemplateLoader.java:122)
	at freemarker.cache.FileTemplateLoader.<init>(FileTemplateLoader.java:108)
	at cn.org.rapid_framework.generator.Generator$GeneratorHelper.newFreeMarkerConfiguration(Generator.java:480)
	at cn.org.rapid_framework.generator.Generator$TemplateProcessor.proceeForOutputFilepath(Generator.java:372)
	at cn.org.rapid_framework.generator.Generator$TemplateProcessor.executeGenerate(Generator.java:298)
	... 72 more
